build/app/intermediates/manifest_merge_blame_file/release/manifest-merger-blame-release-report.txt
1<?xml version="1.0" encoding="utf-8"?>
2<manifest xmlns:android="http://schemas.android.com/apk/res/android"
3    package="com.example.balti_app"
4    android:versionCode="1"
5    android:versionName="1.0.0" >
6
7    <uses-sdk
8        android:minSdkVersion="20"
8-->src/main/AndroidManifest.xml
9        android:targetSdkVersion="33" />
9-->src/main/AndroidManifest.xml
10
11    <uses-permission android:name="android.permission.ACCESS_FINE_LOCATION" />
11-->src/main/AndroidManifest.xml:4:5-79
11-->src/main/AndroidManifest.xml:4:22-76
12    <uses-permission android:name="android.permission.ACCESS_COARSE_LOCATION" />
12-->src/main/AndroidManifest.xml:5:5-81
12-->src/main/AndroidManifest.xml:5:22-78
13    <uses-permission android:name="android.permission.FOREGROUND_SERVICE" />
13-->[:geolocator_android] AndroidManifest.xml:9:5-77
13-->[:geolocator_android] AndroidManifest.xml:9:22-74
14    <uses-permission android:name="android.permission.READ_EXTERNAL_STORAGE" />
14-->[:file_picker] AndroidManifest.xml:9:5-80
14-->[:file_picker] AndroidManifest.xml:9:22-77
15
16    <queries>
16-->[:file_picker] AndroidManifest.xml:11:5-17:15
17        <intent>
17-->[:file_picker] AndroidManifest.xml:12:9-16:18
18            <action android:name="android.intent.action.GET_CONTENT" />
18-->[:file_picker] AndroidManifest.xml:13:13-72
18-->[:file_picker] AndroidManifest.xml:13:21-69
19
20            <data android:mimeType="*/*" />
20-->[:file_picker] AndroidManifest.xml:15:13-44
20-->[:file_picker] AndroidManifest.xml:15:19-41
21        </intent>
22        <!-- Needs to be explicitly declared on Android R+ -->
23        <package android:name="com.google.android.apps.maps" />
23-->[com.google.android.gms:play-services-maps:18.0.2] AndroidManifest.xml:33:9-64
23-->[com.google.android.gms:play-services-maps:18.0.2] AndroidManifest.xml:33:18-61
24    </queries> <!-- Create a unique permission for your app and use it so only your app can receive your OneSignal messages. -->
25    <permission
25-->[com.onesignal:OneSignal:4.8.2] AndroidManifest.xml:7:5-9:47
26        android:name="com.example.balti_app.permission.C2D_MESSAGE"
26-->[com.onesignal:OneSignal:4.8.2] AndroidManifest.xml:8:9-63
27        android:protectionLevel="signature" />
27-->[com.onesignal:OneSignal:4.8.2] AndroidManifest.xml:9:9-44
28
29    <uses-permission android:name="com.example.balti_app.permission.C2D_MESSAGE" /> <!-- OneSignal SDK has runtime checks Android version. -->
29-->[com.onesignal:OneSignal:4.8.2] AndroidManifest.xml:11:5-79
29-->[com.onesignal:OneSignal:4.8.2] AndroidManifest.xml:11:22-76
30    <!-- <uses-sdk tools:overrideLibrary="android.support.customtabs"/> -->
31    <!-- Required runtime permission to display notifications on Android 13 -->
32    <uses-permission android:name="android.permission.POST_NOTIFICATIONS" /> <!-- Required so the device can access the internet. -->
32-->[com.onesignal:OneSignal:4.8.2] AndroidManifest.xml:16:5-77
32-->[com.onesignal:OneSignal:4.8.2] AndroidManifest.xml:16:22-74
33    <uses-permission android:name="android.permission.INTERNET" /> <!-- c2dm RECEIVE are basic requirements for push messages through Google's FCM -->
33-->[com.onesignal:OneSignal:4.8.2] AndroidManifest.xml:17:5-67
33-->[com.onesignal:OneSignal:4.8.2] AndroidManifest.xml:17:22-64
34    <uses-permission android:name="com.google.android.c2dm.permission.RECEIVE" /> <!-- Required, makes sure notifications are delivered on time. -->
34-->[com.onesignal:OneSignal:4.8.2] AndroidManifest.xml:18:5-82
34-->[com.onesignal:OneSignal:4.8.2] AndroidManifest.xml:18:22-79
35    <uses-permission android:name="android.permission.WAKE_LOCK" />
35-->[com.onesignal:OneSignal:4.8.2] AndroidManifest.xml:19:5-68
35-->[com.onesignal:OneSignal:4.8.2] AndroidManifest.xml:19:22-65
36    <!--
37 Required so the device vibrates on receiving a push notification.
38         Vibration settings of the device still apply.
39    -->
40    <uses-permission android:name="android.permission.VIBRATE" />
40-->[com.onesignal:OneSignal:4.8.2] AndroidManifest.xml:24:5-66
40-->[com.onesignal:OneSignal:4.8.2] AndroidManifest.xml:24:22-63
41    <uses-permission android:name="android.permission.ACCESS_NETWORK_STATE" />
41-->[com.onesignal:OneSignal:4.8.2] AndroidManifest.xml:25:5-79
41-->[com.onesignal:OneSignal:4.8.2] AndroidManifest.xml:25:22-76
42    <!--
43 Use to restore notifications the user hasn't interacted with.
44         They could be missed notifications if the user reboots their device if this isn't in place.
45    -->
46    <uses-permission android:name="android.permission.RECEIVE_BOOT_COMPLETED" /> <!-- START: ShortcutBadger -->
46-->[com.onesignal:OneSignal:4.8.2] AndroidManifest.xml:30:5-81
46-->[com.onesignal:OneSignal:4.8.2] AndroidManifest.xml:30:22-78
47    <!-- Samsung -->
48    <uses-permission android:name="com.sec.android.provider.badge.permission.READ" />
48-->[com.onesignal:OneSignal:4.8.2] AndroidManifest.xml:32:5-86
48-->[com.onesignal:OneSignal:4.8.2] AndroidManifest.xml:32:22-83
49    <uses-permission android:name="com.sec.android.provider.badge.permission.WRITE" /> <!-- HTC -->
49-->[com.onesignal:OneSignal:4.8.2] AndroidManifest.xml:33:5-87
49-->[com.onesignal:OneSignal:4.8.2] AndroidManifest.xml:33:22-84
50    <uses-permission android:name="com.htc.launcher.permission.READ_SETTINGS" />
50-->[com.onesignal:OneSignal:4.8.2] AndroidManifest.xml:34:5-81
50-->[com.onesignal:OneSignal:4.8.2] AndroidManifest.xml:34:22-78
51    <uses-permission android:name="com.htc.launcher.permission.UPDATE_SHORTCUT" /> <!-- Sony -->
51-->[com.onesignal:OneSignal:4.8.2] AndroidManifest.xml:35:5-83
51-->[com.onesignal:OneSignal:4.8.2] AndroidManifest.xml:35:22-80
52    <uses-permission android:name="com.sonyericsson.home.permission.BROADCAST_BADGE" />
52-->[com.onesignal:OneSignal:4.8.2] AndroidManifest.xml:36:5-88
52-->[com.onesignal:OneSignal:4.8.2] AndroidManifest.xml:36:22-85
53    <uses-permission android:name="com.sonymobile.home.permission.PROVIDER_INSERT_BADGE" /> <!-- Apex -->
53-->[com.onesignal:OneSignal:4.8.2] AndroidManifest.xml:37:5-92
53-->[com.onesignal:OneSignal:4.8.2] AndroidManifest.xml:37:22-89
54    <uses-permission android:name="com.anddoes.launcher.permission.UPDATE_COUNT" /> <!-- Solid -->
54-->[com.onesignal:OneSignal:4.8.2] AndroidManifest.xml:38:5-84
54-->[com.onesignal:OneSignal:4.8.2] AndroidManifest.xml:38:22-81
55    <uses-permission android:name="com.majeur.launcher.permission.UPDATE_BADGE" /> <!-- Huawei -->
55-->[com.onesignal:OneSignal:4.8.2] AndroidManifest.xml:39:5-83
55-->[com.onesignal:OneSignal:4.8.2] AndroidManifest.xml:39:22-80
56    <uses-permission android:name="com.huawei.android.launcher.permission.CHANGE_BADGE" />
56-->[com.onesignal:OneSignal:4.8.2] AndroidManifest.xml:40:5-91
56-->[com.onesignal:OneSignal:4.8.2] AndroidManifest.xml:40:22-88
57    <uses-permission android:name="com.huawei.android.launcher.permission.READ_SETTINGS" />
57-->[com.onesignal:OneSignal:4.8.2] AndroidManifest.xml:41:5-92
57-->[com.onesignal:OneSignal:4.8.2] AndroidManifest.xml:41:22-89
58    <uses-permission android:name="com.huawei.android.launcher.permission.WRITE_SETTINGS" /> <!-- ZUK -->
58-->[com.onesignal:OneSignal:4.8.2] AndroidManifest.xml:42:5-93
58-->[com.onesignal:OneSignal:4.8.2] AndroidManifest.xml:42:22-90
59    <uses-permission android:name="android.permission.READ_APP_BADGE" /> <!-- OPPO -->
59-->[com.onesignal:OneSignal:4.8.2] AndroidManifest.xml:43:5-73
59-->[com.onesignal:OneSignal:4.8.2] AndroidManifest.xml:43:22-70
60    <uses-permission android:name="com.oppo.launcher.permission.READ_SETTINGS" />
60-->[com.onesignal:OneSignal:4.8.2] AndroidManifest.xml:44:5-82
60-->[com.onesignal:OneSignal:4.8.2] AndroidManifest.xml:44:22-79
61    <uses-permission android:name="com.oppo.launcher.permission.WRITE_SETTINGS" /> <!-- EvMe -->
61-->[com.onesignal:OneSignal:4.8.2] AndroidManifest.xml:45:5-83
61-->[com.onesignal:OneSignal:4.8.2] AndroidManifest.xml:45:22-80
62    <uses-permission android:name="me.everything.badger.permission.BADGE_COUNT_READ" />
62-->[com.onesignal:OneSignal:4.8.2] AndroidManifest.xml:46:5-88
62-->[com.onesignal:OneSignal:4.8.2] AndroidManifest.xml:46:22-85
63    <uses-permission android:name="me.everything.badger.permission.BADGE_COUNT_WRITE" />
63-->[com.onesignal:OneSignal:4.8.2] AndroidManifest.xml:47:5-89
63-->[com.onesignal:OneSignal:4.8.2] AndroidManifest.xml:47:22-86
64
65    <uses-feature
65-->[com.google.android.gms:play-services-maps:18.0.2] AndroidManifest.xml:26:5-28:35
66        android:glEsVersion="0x00020000"
66-->[com.google.android.gms:play-services-maps:18.0.2] AndroidManifest.xml:27:9-41
67        android:required="true" />
67-->[com.google.android.gms:play-services-maps:18.0.2] AndroidManifest.xml:28:9-32
68
69    <application
70        android:name="io.flutter.app.FlutterMultiDexApplication"
70-->src/main/AndroidManifest.xml:9:9-42
71        android:appComponentFactory="androidx.core.app.CoreComponentFactory"
71-->[androidx.core:core:1.8.0] AndroidManifest.xml:24:18-86
72        android:icon="@mipmap/ic_launcher"
72-->src/main/AndroidManifest.xml:10:9-43
73        android:label="balti_app" >
73-->src/main/AndroidManifest.xml:8:9-34
74        <activity
74-->src/main/AndroidManifest.xml:11:9-31:20
75            android:name="com.example.balti_app.MainActivity"
75-->src/main/AndroidManifest.xml:12:13-41
76            android:configChanges="orientation|keyboardHidden|keyboard|screenSize|smallestScreenSize|locale|layoutDirection|fontScale|screenLayout|density|uiMode"
76-->src/main/AndroidManifest.xml:16:13-163
77            android:exported="true"
77-->src/main/AndroidManifest.xml:13:13-36
78            android:hardwareAccelerated="true"
78-->src/main/AndroidManifest.xml:17:13-47
79            android:launchMode="singleTop"
79-->src/main/AndroidManifest.xml:14:13-43
80            android:theme="@style/LaunchTheme"
80-->src/main/AndroidManifest.xml:15:13-47
81            android:windowSoftInputMode="adjustResize" >
81-->src/main/AndroidManifest.xml:18:13-55
82
83            <!--
84                 Specifies an Android theme to apply to this Activity as soon as
85                 the Android process has started. This theme is visible to the user
86                 while the Flutter UI initializes. After that, this theme continues
87                 to determine the Window background behind the Flutter UI.
88            -->
89            <meta-data
89-->src/main/AndroidManifest.xml:23:13-26:17
90                android:name="io.flutter.embedding.android.NormalTheme"
90-->src/main/AndroidManifest.xml:24:15-70
91                android:resource="@style/NormalTheme" />
91-->src/main/AndroidManifest.xml:25:15-52
92
93            <intent-filter>
93-->src/main/AndroidManifest.xml:27:13-30:29
94                <action android:name="android.intent.action.MAIN" />
94-->src/main/AndroidManifest.xml:28:17-68
94-->src/main/AndroidManifest.xml:28:25-66
95
96                <category android:name="android.intent.category.LAUNCHER" />
96-->src/main/AndroidManifest.xml:29:17-76
96-->src/main/AndroidManifest.xml:29:27-74
97            </intent-filter>
98        </activity>
99        <!--
100             Don't delete the meta-data below.
101             This is used by the Flutter tool to generate GeneratedPluginRegistrant.java
102        -->
103        <meta-data
103-->src/main/AndroidManifest.xml:34:9-36:33
104            android:name="flutterEmbedding"
104-->src/main/AndroidManifest.xml:35:13-44
105            android:value="2" />
105-->src/main/AndroidManifest.xml:36:13-30
106        <meta-data
106-->src/main/AndroidManifest.xml:37:9-38:70
107            android:name="com.google.android.geo.API_KEY"
107-->src/main/AndroidManifest.xml:37:20-65
108            android:value="AIzaSyAenQY3RYwkA56eDMWZbIPUC1oJeCIR3c4" />
108-->src/main/AndroidManifest.xml:38:13-68
109
110        <service
110-->[:geolocator_android] AndroidManifest.xml:12:9-16:56
111            android:name="com.baseflow.geolocator.GeolocatorLocationService"
111-->[:geolocator_android] AndroidManifest.xml:13:13-77
112            android:enabled="true"
112-->[:geolocator_android] AndroidManifest.xml:14:13-35
113            android:exported="false"
113-->[:geolocator_android] AndroidManifest.xml:15:13-37
114            android:foregroundServiceType="location" />
114-->[:geolocator_android] AndroidManifest.xml:16:13-53
115
116        <provider
116-->[:image_picker_android] AndroidManifest.xml:10:9-18:20
117            android:name="io.flutter.plugins.imagepicker.ImagePickerFileProvider"
117-->[:image_picker_android] AndroidManifest.xml:11:13-82
118            android:authorities="com.example.balti_app.flutter.image_provider"
118-->[:image_picker_android] AndroidManifest.xml:12:13-74
119            android:exported="false"
119-->[:image_picker_android] AndroidManifest.xml:13:13-37
120            android:grantUriPermissions="true" >
120-->[:image_picker_android] AndroidManifest.xml:14:13-47
121            <meta-data
121-->[:image_picker_android] AndroidManifest.xml:15:13-17:75
122                android:name="android.support.FILE_PROVIDER_PATHS"
122-->[:image_picker_android] AndroidManifest.xml:16:17-67
123                android:resource="@xml/flutter_image_picker_file_paths" />
123-->[:image_picker_android] AndroidManifest.xml:17:17-72
124        </provider>
125
126        <receiver
126-->[com.onesignal:OneSignal:4.8.2] AndroidManifest.xml:50:9-61:20
127            android:name="com.onesignal.FCMBroadcastReceiver"
127-->[com.onesignal:OneSignal:4.8.2] AndroidManifest.xml:51:13-62
128            android:exported="true"
128-->[com.onesignal:OneSignal:4.8.2] AndroidManifest.xml:52:13-36
129            android:permission="com.google.android.c2dm.permission.SEND" >
129-->[com.onesignal:OneSignal:4.8.2] AndroidManifest.xml:53:13-73
130
131            <!-- High priority so OneSignal payloads can be filtered from other FCM receivers -->
132            <intent-filter android:priority="999" >
132-->[com.onesignal:OneSignal:4.8.2] AndroidManifest.xml:56:13-60:29
132-->[com.onesignal:OneSignal:4.8.2] AndroidManifest.xml:56:28-50
133                <action android:name="com.google.android.c2dm.intent.RECEIVE" />
133-->[com.onesignal:OneSignal:4.8.2] AndroidManifest.xml:57:17-81
133-->[com.onesignal:OneSignal:4.8.2] AndroidManifest.xml:57:25-78
134
135                <category android:name="com.example.balti_app" />
135-->[com.onesignal:OneSignal:4.8.2] AndroidManifest.xml:59:17-61
135-->[com.onesignal:OneSignal:4.8.2] AndroidManifest.xml:59:27-58
136            </intent-filter>
137        </receiver>
138
139        <service
139-->[com.onesignal:OneSignal:4.8.2] AndroidManifest.xml:63:9-69:19
140            android:name="com.onesignal.HmsMessageServiceOneSignal"
140-->[com.onesignal:OneSignal:4.8.2] AndroidManifest.xml:64:13-68
141            android:exported="false" >
141-->[com.onesignal:OneSignal:4.8.2] AndroidManifest.xml:65:13-37
142            <intent-filter>
142-->[com.onesignal:OneSignal:4.8.2] AndroidManifest.xml:66:13-68:29
143                <action android:name="com.huawei.push.action.MESSAGING_EVENT" />
143-->[com.onesignal:OneSignal:4.8.2] AndroidManifest.xml:67:17-81
143-->[com.onesignal:OneSignal:4.8.2] AndroidManifest.xml:67:25-78
144            </intent-filter>
145        </service>
146
147        <activity
147-->[com.onesignal:OneSignal:4.8.2] AndroidManifest.xml:71:9-79:20
148            android:name="com.onesignal.NotificationOpenedActivityHMS"
148-->[com.onesignal:OneSignal:4.8.2] AndroidManifest.xml:72:13-71
149            android:exported="true"
149-->[com.onesignal:OneSignal:4.8.2] AndroidManifest.xml:73:13-36
150            android:noHistory="true"
150-->[com.onesignal:OneSignal:4.8.2] AndroidManifest.xml:74:13-37
151            android:theme="@android:style/Theme.Translucent.NoTitleBar" >
151-->[com.onesignal:OneSignal:4.8.2] AndroidManifest.xml:75:13-72
152            <intent-filter>
152-->[com.onesignal:OneSignal:4.8.2] AndroidManifest.xml:76:13-78:29
153                <action android:name="android.intent.action.VIEW" />
153-->[com.onesignal:OneSignal:4.8.2] AndroidManifest.xml:77:17-69
153-->[com.onesignal:OneSignal:4.8.2] AndroidManifest.xml:77:25-66
154            </intent-filter>
155        </activity>
156
157        <service
157-->[com.onesignal:OneSignal:4.8.2] AndroidManifest.xml:81:9-83:40
158            android:name="com.onesignal.FCMIntentService"
158-->[com.onesignal:OneSignal:4.8.2] AndroidManifest.xml:82:13-58
159            android:exported="false" />
159-->[com.onesignal:OneSignal:4.8.2] AndroidManifest.xml:83:13-37
160        <service
160-->[com.onesignal:OneSignal:4.8.2] AndroidManifest.xml:84:9-87:72
161            android:name="com.onesignal.FCMIntentJobService"
161-->[com.onesignal:OneSignal:4.8.2] AndroidManifest.xml:85:13-61
162            android:exported="false"
162-->[com.onesignal:OneSignal:4.8.2] AndroidManifest.xml:86:13-37
163            android:permission="android.permission.BIND_JOB_SERVICE" />
163-->[com.onesignal:OneSignal:4.8.2] AndroidManifest.xml:87:13-69
164        <service
164-->[com.onesignal:OneSignal:4.8.2] AndroidManifest.xml:88:9-91:43
165            android:name="com.onesignal.SyncService"
165-->[com.onesignal:OneSignal:4.8.2] AndroidManifest.xml:89:13-53
166            android:exported="false"
166-->[com.onesignal:OneSignal:4.8.2] AndroidManifest.xml:90:13-37
167            android:stopWithTask="true" />
167-->[com.onesignal:OneSignal:4.8.2] AndroidManifest.xml:91:13-40
168        <service
168-->[com.onesignal:OneSignal:4.8.2] AndroidManifest.xml:92:9-95:72
169            android:name="com.onesignal.SyncJobService"
169-->[com.onesignal:OneSignal:4.8.2] AndroidManifest.xml:93:13-56
170            android:exported="false"
170-->[com.onesignal:OneSignal:4.8.2] AndroidManifest.xml:94:13-37
171            android:permission="android.permission.BIND_JOB_SERVICE" />
171-->[com.onesignal:OneSignal:4.8.2] AndroidManifest.xml:95:13-69
172
173        <activity
173-->[com.onesignal:OneSignal:4.8.2] AndroidManifest.xml:97:9-100:75
174            android:name="com.onesignal.PermissionsActivity"
174-->[com.onesignal:OneSignal:4.8.2] AndroidManifest.xml:98:13-61
175            android:exported="false"
175-->[com.onesignal:OneSignal:4.8.2] AndroidManifest.xml:99:13-37
176            android:theme="@android:style/Theme.Translucent.NoTitleBar" />
176-->[com.onesignal:OneSignal:4.8.2] AndroidManifest.xml:100:13-72
177
178        <receiver
178-->[com.onesignal:OneSignal:4.8.2] AndroidManifest.xml:102:9-104:39
179            android:name="com.onesignal.NotificationDismissReceiver"
179-->[com.onesignal:OneSignal:4.8.2] AndroidManifest.xml:103:13-69
180            android:exported="true" />
180-->[com.onesignal:OneSignal:4.8.2] AndroidManifest.xml:104:13-36
181        <receiver
181-->[com.onesignal:OneSignal:4.8.2] AndroidManifest.xml:105:9-112:20
182            android:name="com.onesignal.BootUpReceiver"
182-->[com.onesignal:OneSignal:4.8.2] AndroidManifest.xml:106:13-56
183            android:exported="true" >
183-->[com.onesignal:OneSignal:4.8.2] AndroidManifest.xml:107:13-36
184            <intent-filter>
184-->[com.onesignal:OneSignal:4.8.2] AndroidManifest.xml:108:13-111:29
185                <action android:name="android.intent.action.BOOT_COMPLETED" />
185-->[com.onesignal:OneSignal:4.8.2] AndroidManifest.xml:109:17-79
185-->[com.onesignal:OneSignal:4.8.2] AndroidManifest.xml:109:25-76
186                <action android:name="android.intent.action.QUICKBOOT_POWERON" />
186-->[com.onesignal:OneSignal:4.8.2] AndroidManifest.xml:110:17-82
186-->[com.onesignal:OneSignal:4.8.2] AndroidManifest.xml:110:25-79
187            </intent-filter>
188        </receiver>
189        <receiver
189-->[com.onesignal:OneSignal:4.8.2] AndroidManifest.xml:113:9-119:20
190            android:name="com.onesignal.UpgradeReceiver"
190-->[com.onesignal:OneSignal:4.8.2] AndroidManifest.xml:114:13-57
191            android:exported="true" >
191-->[com.onesignal:OneSignal:4.8.2] AndroidManifest.xml:115:13-36
192            <intent-filter>
192-->[com.onesignal:OneSignal:4.8.2] AndroidManifest.xml:116:13-118:29
193                <action android:name="android.intent.action.MY_PACKAGE_REPLACED" />
193-->[com.onesignal:OneSignal:4.8.2] AndroidManifest.xml:117:17-84
193-->[com.onesignal:OneSignal:4.8.2] AndroidManifest.xml:117:25-81
194            </intent-filter>
195        </receiver>
196
197        <activity
197-->[com.onesignal:OneSignal:4.8.2] AndroidManifest.xml:121:9-127:75
198            android:name="com.onesignal.NotificationOpenedReceiver"
198-->[com.onesignal:OneSignal:4.8.2] AndroidManifest.xml:122:13-68
199            android:excludeFromRecents="true"
199-->[com.onesignal:OneSignal:4.8.2] AndroidManifest.xml:123:13-46
200            android:exported="true"
200-->[com.onesignal:OneSignal:4.8.2] AndroidManifest.xml:124:13-36
201            android:noHistory="true"
201-->[com.onesignal:OneSignal:4.8.2] AndroidManifest.xml:125:13-37
202            android:taskAffinity=""
202-->[com.onesignal:OneSignal:4.8.2] AndroidManifest.xml:126:13-36
203            android:theme="@android:style/Theme.Translucent.NoTitleBar" />
203-->[com.onesignal:OneSignal:4.8.2] AndroidManifest.xml:127:13-72
204        <activity
204-->[com.onesignal:OneSignal:4.8.2] AndroidManifest.xml:128:9-133:75
205            android:name="com.onesignal.NotificationOpenedReceiverAndroid22AndOlder"
205-->[com.onesignal:OneSignal:4.8.2] AndroidManifest.xml:129:13-85
206            android:excludeFromRecents="true"
206-->[com.onesignal:OneSignal:4.8.2] AndroidManifest.xml:130:13-46
207            android:exported="true"
207-->[com.onesignal:OneSignal:4.8.2] AndroidManifest.xml:131:13-36
208            android:noHistory="true"
208-->[com.onesignal:OneSignal:4.8.2] AndroidManifest.xml:132:13-37
209            android:theme="@android:style/Theme.Translucent.NoTitleBar" />
209-->[com.onesignal:OneSignal:4.8.2] AndroidManifest.xml:133:13-72
210
211        <uses-library
211-->[androidx.window:window:1.0.0-beta04] AndroidManifest.xml:25:9-27:40
212            android:name="androidx.window.extensions"
212-->[androidx.window:window:1.0.0-beta04] AndroidManifest.xml:26:13-54
213            android:required="false" />
213-->[androidx.window:window:1.0.0-beta04] AndroidManifest.xml:27:13-37
214        <uses-library
214-->[androidx.window:window:1.0.0-beta04] AndroidManifest.xml:28:9-30:40
215            android:name="androidx.window.sidecar"
215-->[androidx.window:window:1.0.0-beta04] AndroidManifest.xml:29:13-51
216            android:required="false" /> <!-- Needs to be explicitly declared on P+ -->
216-->[androidx.window:window:1.0.0-beta04] AndroidManifest.xml:30:13-37
217        <uses-library
217-->[com.google.android.gms:play-services-maps:18.0.2] AndroidManifest.xml:39:9-41:40
218            android:name="org.apache.http.legacy"
218-->[com.google.android.gms:play-services-maps:18.0.2] AndroidManifest.xml:40:13-50
219            android:required="false" />
219-->[com.google.android.gms:play-services-maps:18.0.2] AndroidManifest.xml:41:13-37
220        <!--
221             FirebaseMessagingService performs security checks at runtime,
222             but set to not exported to explicitly avoid allowing another app to call it.
223        -->
224        <service
224-->[com.google.firebase:firebase-messaging:19.0.0] AndroidManifest.xml:28:9-34:19
225            android:name="com.google.firebase.messaging.FirebaseMessagingService"
225-->[com.google.firebase:firebase-messaging:19.0.0] AndroidManifest.xml:29:13-82
226            android:exported="false" >
226-->[com.google.firebase:firebase-messaging:19.0.0] AndroidManifest.xml:30:13-37
227            <intent-filter android:priority="-500" >
227-->[com.google.firebase:firebase-messaging:19.0.0] AndroidManifest.xml:31:13-33:29
227-->[com.google.firebase:firebase-messaging:19.0.0] AndroidManifest.xml:31:28-51
228                <action android:name="com.google.firebase.MESSAGING_EVENT" />
228-->[com.google.firebase:firebase-messaging:19.0.0] AndroidManifest.xml:32:17-78
228-->[com.google.firebase:firebase-messaging:19.0.0] AndroidManifest.xml:32:25-75
229            </intent-filter>
230        </service>
231        <service
231-->[com.google.firebase:firebase-iid:19.0.0] AndroidManifest.xml:29:9-35:19
232            android:name="com.google.firebase.components.ComponentDiscoveryService"
232-->[com.google.firebase:firebase-iid:19.0.0] AndroidManifest.xml:30:13-84
233            android:exported="false" >
233-->[com.google.firebase:firebase-iid:19.0.0] AndroidManifest.xml:31:13-37
234            <meta-data
234-->[com.google.firebase:firebase-iid:19.0.0] AndroidManifest.xml:32:13-34:85
235                android:name="com.google.firebase.components:com.google.firebase.iid.Registrar"
235-->[com.google.firebase:firebase-iid:19.0.0] AndroidManifest.xml:33:17-96
236                android:value="com.google.firebase.components.ComponentRegistrar" />
236-->[com.google.firebase:firebase-iid:19.0.0] AndroidManifest.xml:34:17-82
237        </service>
238
239        <receiver
239-->[com.google.firebase:firebase-iid:19.0.0] AndroidManifest.xml:37:9-44:20
240            android:name="com.google.firebase.iid.FirebaseInstanceIdReceiver"
240-->[com.google.firebase:firebase-iid:19.0.0] AndroidManifest.xml:38:13-78
241            android:exported="true"
241-->[com.google.firebase:firebase-iid:19.0.0] AndroidManifest.xml:39:13-36
242            android:permission="com.google.android.c2dm.permission.SEND" >
242-->[com.google.firebase:firebase-iid:19.0.0] AndroidManifest.xml:40:13-73
243            <intent-filter>
243-->[com.google.firebase:firebase-iid:19.0.0] AndroidManifest.xml:41:13-43:29
244                <action android:name="com.google.android.c2dm.intent.RECEIVE" />
244-->[com.onesignal:OneSignal:4.8.2] AndroidManifest.xml:57:17-81
244-->[com.onesignal:OneSignal:4.8.2] AndroidManifest.xml:57:25-78
245            </intent-filter>
246        </receiver>
247
248        <activity
248-->[com.google.android.gms:play-services-base:18.0.1] AndroidManifest.xml:20:9-22:45
249            android:name="com.google.android.gms.common.api.GoogleApiActivity"
249-->[com.google.android.gms:play-services-base:18.0.1] AndroidManifest.xml:20:19-85
250            android:exported="false"
250-->[com.google.android.gms:play-services-base:18.0.1] AndroidManifest.xml:22:19-43
251            android:theme="@android:style/Theme.Translucent.NoTitleBar" />
251-->[com.google.android.gms:play-services-base:18.0.1] AndroidManifest.xml:21:19-78
252
253        <provider
253-->[com.google.firebase:firebase-common:18.0.0] AndroidManifest.xml:12:9-16:39
254            android:name="com.google.firebase.provider.FirebaseInitProvider"
254-->[com.google.firebase:firebase-common:18.0.0] AndroidManifest.xml:13:13-77
255            android:authorities="com.example.balti_app.firebaseinitprovider"
255-->[com.google.firebase:firebase-common:18.0.0] AndroidManifest.xml:14:13-72
256            android:exported="false"
256-->[com.google.firebase:firebase-common:18.0.0] AndroidManifest.xml:15:13-37
257            android:initOrder="100" />
257-->[com.google.firebase:firebase-common:18.0.0] AndroidManifest.xml:16:13-36
258
259        <meta-data
259-->[com.google.android.gms:play-services-basement:18.0.0] AndroidManifest.xml:21:9-23:69
260            android:name="com.google.android.gms.version"
260-->[com.google.android.gms:play-services-basement:18.0.0] AndroidManifest.xml:22:13-58
261            android:value="@integer/google_play_services_version" />
261-->[com.google.android.gms:play-services-basement:18.0.0] AndroidManifest.xml:23:13-66
262
263        <provider
263-->[androidx.work:work-runtime:2.7.1] AndroidManifest.xml:31:9-39:20
264            android:name="androidx.startup.InitializationProvider"
264-->[androidx.work:work-runtime:2.7.1] AndroidManifest.xml:32:13-67
265            android:authorities="com.example.balti_app.androidx-startup"
265-->[androidx.work:work-runtime:2.7.1] AndroidManifest.xml:33:13-68
266            android:exported="false" >
266-->[androidx.work:work-runtime:2.7.1] AndroidManifest.xml:34:13-37
267            <meta-data
267-->[androidx.work:work-runtime:2.7.1] AndroidManifest.xml:36:13-38:52
268                android:name="androidx.work.WorkManagerInitializer"
268-->[androidx.work:work-runtime:2.7.1] AndroidManifest.xml:37:17-68
269                android:value="androidx.startup" />
269-->[androidx.work:work-runtime:2.7.1] AndroidManifest.xml:38:17-49
270        </provider>
271
272        <service
272-->[androidx.work:work-runtime:2.7.1] AndroidManifest.xml:41:9-46:35
273            android:name="androidx.work.impl.background.systemalarm.SystemAlarmService"
273-->[androidx.work:work-runtime:2.7.1] AndroidManifest.xml:42:13-88
274            android:directBootAware="false"
274-->[androidx.work:work-runtime:2.7.1] AndroidManifest.xml:43:13-44
275            android:enabled="@bool/enable_system_alarm_service_default"
275-->[androidx.work:work-runtime:2.7.1] AndroidManifest.xml:44:13-72
276            android:exported="false" />
276-->[androidx.work:work-runtime:2.7.1] AndroidManifest.xml:45:13-37
277        <service
277-->[androidx.work:work-runtime:2.7.1] AndroidManifest.xml:47:9-53:35
278            android:name="androidx.work.impl.background.systemjob.SystemJobService"
278-->[androidx.work:work-runtime:2.7.1] AndroidManifest.xml:48:13-84
279            android:directBootAware="false"
279-->[androidx.work:work-runtime:2.7.1] AndroidManifest.xml:49:13-44
280            android:enabled="@bool/enable_system_job_service_default"
280-->[androidx.work:work-runtime:2.7.1] AndroidManifest.xml:50:13-70
281            android:exported="true"
281-->[androidx.work:work-runtime:2.7.1] AndroidManifest.xml:51:13-36
282            android:permission="android.permission.BIND_JOB_SERVICE" />
282-->[androidx.work:work-runtime:2.7.1] AndroidManifest.xml:52:13-69
283        <service